[error] Failed to fetch Firebase Project from Studio Workspace because WORKSPACE_SLUG environment variable is empty
[error] Failed to fetch Firebase Project from Studio Workspace because WORKSPACE_SLUG environment variable is empty
[debug] [2025-09-23T10:18:32.602Z] Checked if tokens are valid: false, expires at: 1758602516200
[debug] [2025-09-23T10:18:32.603Z] Checked if tokens are valid: false, expires at: 1758602516200
[debug] [2025-09-23T10:18:32.612Z] > refreshing access token with scopes: []
[debug] [2025-09-23T10:18:32.649Z] >>> [apiv2][query] POST https://www.googleapis.com/oauth2/v3/token [none]
[debug] [2025-09-23T10:18:32.650Z] >>> [apiv2][body] POST https://www.googleapis.com/oauth2/v3/token [omitted]
[debug] [2025-09-23T10:18:33.098Z] Checked if tokens are valid: false, expires at: 1758602516200
[debug] [2025-09-23T10:18:33.107Z] Checked if tokens are valid: false, expires at: 1758602516200
[debug] [2025-09-23T10:18:33.107Z] > refreshing access token with scopes: []
[debug] [2025-09-23T10:18:33.108Z] >>> [apiv2][query] POST https://www.googleapis.com/oauth2/v3/token [none]
[debug] [2025-09-23T10:18:33.117Z] >>> [apiv2][body] POST https://www.googleapis.com/oauth2/v3/token [omitted]
[debug] [2025-09-23T10:18:33.154Z] Checked if tokens are valid: false, expires at: 1758602516200
[debug] [2025-09-23T10:18:33.156Z] Checked if tokens are valid: false, expires at: 1758602516200
[debug] [2025-09-23T10:18:33.159Z] > refreshing access token with scopes: []
[debug] [2025-09-23T10:18:33.174Z] >>> [apiv2][query] POST https://www.googleapis.com/oauth2/v3/token [none]
[debug] [2025-09-23T10:18:33.174Z] >>> [apiv2][body] POST https://www.googleapis.com/oauth2/v3/token [omitted]
[debug] [2025-09-23T10:18:33.195Z] Checked if tokens are valid: false, expires at: 1758602516200
[debug] [2025-09-23T10:18:33.195Z] Checked if tokens are valid: false, expires at: 1758602516200
[debug] [2025-09-23T10:18:33.195Z] > refreshing access token with scopes: []
[debug] [2025-09-23T10:18:33.205Z] >>> [apiv2][query] POST https://www.googleapis.com/oauth2/v3/token [none]
[debug] [2025-09-23T10:18:33.205Z] >>> [apiv2][body] POST https://www.googleapis.com/oauth2/v3/token [omitted]
[debug] [2025-09-23T10:18:33.222Z] Checked if tokens are valid: false, expires at: 1758602516200
[debug] [2025-09-23T10:18:33.223Z] Checked if tokens are valid: false, expires at: 1758602516200
[debug] [2025-09-23T10:18:33.223Z] > refreshing access token with scopes: []
[debug] [2025-09-23T10:18:33.230Z] >>> [apiv2][query] POST https://www.googleapis.com/oauth2/v3/token [none]
[debug] [2025-09-23T10:18:33.230Z] >>> [apiv2][body] POST https://www.googleapis.com/oauth2/v3/token [omitted]
[debug] [2025-09-23T10:18:33.246Z] Checked if tokens are valid: false, expires at: 1758602516200
[debug] [2025-09-23T10:18:33.247Z] Checked if tokens are valid: false, expires at: 1758602516200
[debug] [2025-09-23T10:18:33.247Z] > refreshing access token with scopes: []
[debug] [2025-09-23T10:18:33.247Z] >>> [apiv2][query] POST https://www.googleapis.com/oauth2/v3/token [none]
[debug] [2025-09-23T10:18:33.247Z] >>> [apiv2][body] POST https://www.googleapis.com/oauth2/v3/token [omitted]
[error] Failed to fetch Firebase Project from Studio Workspace because WORKSPACE_SLUG environment variable is empty
[error] Failed to fetch Firebase Project from Studio Workspace because WORKSPACE_SLUG environment variable is empty
[debug] [2025-09-23T10:18:33.739Z] Checked if tokens are valid: false, expires at: 1758602516200
[debug] [2025-09-23T10:18:33.739Z] Checked if tokens are valid: false, expires at: 1758602516200
[debug] [2025-09-23T10:18:33.739Z] > refreshing access token with scopes: []
[debug] [2025-09-23T10:18:33.746Z] >>> [apiv2][query] POST https://www.googleapis.com/oauth2/v3/token [none]
[debug] [2025-09-23T10:18:33.746Z] >>> [apiv2][body] POST https://www.googleapis.com/oauth2/v3/token [omitted]
[debug] [2025-09-23T10:18:33.762Z] Checked if tokens are valid: false, expires at: 1758602516200
[debug] [2025-09-23T10:18:33.763Z] Checked if tokens are valid: false, expires at: 1758602516200
[debug] [2025-09-23T10:18:33.763Z] > refreshing access token with scopes: []
[debug] [2025-09-23T10:18:33.770Z] >>> [apiv2][query] POST https://www.googleapis.com/oauth2/v3/token [none]
[debug] [2025-09-23T10:18:33.771Z] >>> [apiv2][body] POST https://www.googleapis.com/oauth2/v3/token [omitted]
[debug] [2025-09-23T10:18:33.786Z] Checked if tokens are valid: false, expires at: 1758602516200
[debug] [2025-09-23T10:18:33.787Z] Checked if tokens are valid: false, expires at: 1758602516200
[debug] [2025-09-23T10:18:33.787Z] > refreshing access token with scopes: []
[debug] [2025-09-23T10:18:33.792Z] >>> [apiv2][query] POST https://www.googleapis.com/oauth2/v3/token [none]
[debug] [2025-09-23T10:18:33.792Z] >>> [apiv2][body] POST https://www.googleapis.com/oauth2/v3/token [omitted]
[debug] [2025-09-23T10:18:33.818Z] Checked if tokens are valid: false, expires at: 1758602516200
[debug] [2025-09-23T10:18:33.818Z] Checked if tokens are valid: false, expires at: 1758602516200
[debug] [2025-09-23T10:18:33.818Z] > refreshing access token with scopes: []
[debug] [2025-09-23T10:18:33.830Z] >>> [apiv2][query] POST https://www.googleapis.com/oauth2/v3/token [none]
[debug] [2025-09-23T10:18:33.831Z] >>> [apiv2][body] POST https://www.googleapis.com/oauth2/v3/token [omitted]
[debug] [2025-09-23T10:18:33.845Z] Checked if tokens are valid: false, expires at: 1758602516200
[debug] [2025-09-23T10:18:33.848Z] Checked if tokens are valid: false, expires at: 1758602516200
[debug] [2025-09-23T10:18:33.848Z] > refreshing access token with scopes: []
[debug] [2025-09-23T10:18:33.851Z] >>> [apiv2][query] POST https://www.googleapis.com/oauth2/v3/token [none]
[debug] [2025-09-23T10:18:33.856Z] >>> [apiv2][body] POST https://www.googleapis.com/oauth2/v3/token [omitted]
[debug] [2025-09-23T10:18:33.879Z] Checked if tokens are valid: false, expires at: 1758602516200
[debug] [2025-09-23T10:18:33.879Z] Checked if tokens are valid: false, expires at: 1758602516200
[debug] [2025-09-23T10:18:33.879Z] > refreshing access token with scopes: []
[debug] [2025-09-23T10:18:33.882Z] >>> [apiv2][query] POST https://www.googleapis.com/oauth2/v3/token [none]
[debug] [2025-09-23T10:18:33.882Z] >>> [apiv2][body] POST https://www.googleapis.com/oauth2/v3/token [omitted]
[debug] [2025-09-23T10:18:34.252Z] <<< [apiv2][status] POST https://www.googleapis.com/oauth2/v3/token 200
[debug] [2025-09-23T10:18:34.252Z] <<< [apiv2][body] POST https://www.googleapis.com/oauth2/v3/token [omitted]
[debug] [2025-09-23T10:18:34.283Z] >>> [apiv2][query] GET https://serviceusage.googleapis.com/v1/projects/fra-prototype-a4b93/services/ [none]
[debug] [2025-09-23T10:18:34.284Z] >>> [apiv2][(partial)header] GET https://serviceusage.googleapis.com/v1/projects/fra-prototype-a4b93/services/ x-goog-quota-user=projects/fra-prototype-a4b93
[debug] [2025-09-23T10:18:34.304Z] <<< [apiv2][status] POST https://www.googleapis.com/oauth2/v3/token 200
[debug] [2025-09-23T10:18:34.304Z] <<< [apiv2][body] POST https://www.googleapis.com/oauth2/v3/token [omitted]
[debug] [2025-09-23T10:18:34.324Z] >>> [apiv2][query] GET https://serviceusage.googleapis.com/v1/projects/fra-prototype-a4b93/services/ [none]
[debug] [2025-09-23T10:18:34.324Z] >>> [apiv2][(partial)header] GET https://serviceusage.googleapis.com/v1/projects/fra-prototype-a4b93/services/ x-goog-quota-user=projects/fra-prototype-a4b93
[debug] [2025-09-23T10:18:34.451Z] <<< [apiv2][status] POST https://www.googleapis.com/oauth2/v3/token 200
[debug] [2025-09-23T10:18:34.451Z] <<< [apiv2][body] POST https://www.googleapis.com/oauth2/v3/token [omitted]
[debug] [2025-09-23T10:18:34.481Z] >>> [apiv2][query] GET https://serviceusage.googleapis.com/v1/projects/fra-prototype-a4b93/services/firebasecrashlytics.googleapis.com [none]
[debug] [2025-09-23T10:18:34.481Z] >>> [apiv2][(partial)header] GET https://serviceusage.googleapis.com/v1/projects/fra-prototype-a4b93/services/firebasecrashlytics.googleapis.com x-goog-quota-user=projects/fra-prototype-a4b93
[debug] [2025-09-23T10:18:34.509Z] <<< [apiv2][status] POST https://www.googleapis.com/oauth2/v3/token 200
[debug] [2025-09-23T10:18:34.510Z] <<< [apiv2][body] POST https://www.googleapis.com/oauth2/v3/token [omitted]
[debug] [2025-09-23T10:18:34.543Z] >>> [apiv2][query] GET https://serviceusage.googleapis.com/v1/projects/fra-prototype-a4b93/services/firebasedataconnect.googleapis.com [none]
[debug] [2025-09-23T10:18:34.543Z] >>> [apiv2][(partial)header] GET https://serviceusage.googleapis.com/v1/projects/fra-prototype-a4b93/services/firebasedataconnect.googleapis.com x-goog-quota-user=projects/fra-prototype-a4b93
[debug] [2025-09-23T10:18:34.556Z] <<< [apiv2][status] POST https://www.googleapis.com/oauth2/v3/token 200
[debug] [2025-09-23T10:18:34.556Z] <<< [apiv2][body] POST https://www.googleapis.com/oauth2/v3/token [omitted]
[debug] [2025-09-23T10:18:34.595Z] >>> [apiv2][query] GET https://serviceusage.googleapis.com/v1/projects/fra-prototype-a4b93/services/firebaseio.com [none]
[debug] [2025-09-23T10:18:34.595Z] >>> [apiv2][(partial)header] GET https://serviceusage.googleapis.com/v1/projects/fra-prototype-a4b93/services/firebaseio.com x-goog-quota-user=projects/fra-prototype-a4b93
[debug] [2025-09-23T10:18:34.626Z] <<< [apiv2][status] POST https://www.googleapis.com/oauth2/v3/token 200
[debug] [2025-09-23T10:18:34.631Z] <<< [apiv2][body] POST https://www.googleapis.com/oauth2/v3/token [omitted]
[debug] [2025-09-23T10:18:34.681Z] >>> [apiv2][query] GET https://serviceusage.googleapis.com/v1/projects/fra-prototype-a4b93/services/firebaseio.com [none]
[debug] [2025-09-23T10:18:34.681Z] >>> [apiv2][(partial)header] GET https://serviceusage.googleapis.com/v1/projects/fra-prototype-a4b93/services/firebaseio.com x-goog-quota-user=projects/fra-prototype-a4b93
[debug] [2025-09-23T10:18:34.705Z] <<< [apiv2][status] POST https://www.googleapis.com/oauth2/v3/token 200
[debug] [2025-09-23T10:18:34.705Z] <<< [apiv2][body] POST https://www.googleapis.com/oauth2/v3/token [omitted]
[debug] [2025-09-23T10:18:34.732Z] >>> [apiv2][query] GET https://serviceusage.googleapis.com/v1/projects/fra-prototype-a4b93/services/firebasecrashlytics.googleapis.com [none]
[debug] [2025-09-23T10:18:34.732Z] >>> [apiv2][(partial)header] GET https://serviceusage.googleapis.com/v1/projects/fra-prototype-a4b93/services/firebasecrashlytics.googleapis.com x-goog-quota-user=projects/fra-prototype-a4b93
[debug] [2025-09-23T10:18:34.794Z] <<< [apiv2][status] POST https://www.googleapis.com/oauth2/v3/token 200
[debug] [2025-09-23T10:18:34.795Z] <<< [apiv2][body] POST https://www.googleapis.com/oauth2/v3/token [omitted]
[debug] [2025-09-23T10:18:34.833Z] >>> [apiv2][query] GET https://serviceusage.googleapis.com/v1/projects/fra-prototype-a4b93/services/firebasedataconnect.googleapis.com [none]
[debug] [2025-09-23T10:18:34.833Z] >>> [apiv2][(partial)header] GET https://serviceusage.googleapis.com/v1/projects/fra-prototype-a4b93/services/firebasedataconnect.googleapis.com x-goog-quota-user=projects/fra-prototype-a4b93
[debug] [2025-09-23T10:18:34.858Z] <<< [apiv2][status] POST https://www.googleapis.com/oauth2/v3/token 200
[debug] [2025-09-23T10:18:34.858Z] <<< [apiv2][body] POST https://www.googleapis.com/oauth2/v3/token [omitted]
[debug] [2025-09-23T10:18:34.897Z] >>> [apiv2][query] GET https://serviceusage.googleapis.com/v1/projects/fra-prototype-a4b93/services/firestore.googleapis.com [none]
[debug] [2025-09-23T10:18:34.897Z] >>> [apiv2][(partial)header] GET https://serviceusage.googleapis.com/v1/projects/fra-prototype-a4b93/services/firestore.googleapis.com x-goog-quota-user=projects/fra-prototype-a4b93
[debug] [2025-09-23T10:18:35.103Z] <<< [apiv2][status] POST https://www.googleapis.com/oauth2/v3/token 200
[debug] [2025-09-23T10:18:35.106Z] <<< [apiv2][body] POST https://www.googleapis.com/oauth2/v3/token [omitted]
[debug] [2025-09-23T10:18:35.144Z] >>> [apiv2][query] GET https://serviceusage.googleapis.com/v1/projects/fra-prototype-a4b93/services/firestore.googleapis.com [none]
[debug] [2025-09-23T10:18:35.145Z] >>> [apiv2][(partial)header] GET https://serviceusage.googleapis.com/v1/projects/fra-prototype-a4b93/services/firestore.googleapis.com x-goog-quota-user=projects/fra-prototype-a4b93
[debug] [2025-09-23T10:18:35.182Z] <<< [apiv2][status] POST https://www.googleapis.com/oauth2/v3/token 200
[debug] [2025-09-23T10:18:35.182Z] <<< [apiv2][body] POST https://www.googleapis.com/oauth2/v3/token [omitted]
[debug] [2025-09-23T10:18:35.214Z] >>> [apiv2][query] GET https://serviceusage.googleapis.com/v1/projects/fra-prototype-a4b93/services/firebaseapphosting.googleapis.com [none]
[debug] [2025-09-23T10:18:35.219Z] >>> [apiv2][(partial)header] GET https://serviceusage.googleapis.com/v1/projects/fra-prototype-a4b93/services/firebaseapphosting.googleapis.com x-goog-quota-user=projects/fra-prototype-a4b93
[debug] [2025-09-23T10:18:35.346Z] <<< [apiv2][status] POST https://www.googleapis.com/oauth2/v3/token 200
[debug] [2025-09-23T10:18:35.346Z] <<< [apiv2][body] POST https://www.googleapis.com/oauth2/v3/token [omitted]
[debug] [2025-09-23T10:18:35.410Z] >>> [apiv2][query] GET https://serviceusage.googleapis.com/v1/projects/fra-prototype-a4b93/services/firebaseapphosting.googleapis.com [none]
[debug] [2025-09-23T10:18:35.410Z] >>> [apiv2][(partial)header] GET https://serviceusage.googleapis.com/v1/projects/fra-prototype-a4b93/services/firebaseapphosting.googleapis.com x-goog-quota-user=projects/fra-prototype-a4b93
[debug] [2025-09-23T10:18:35.799Z] <<< [apiv2][status] GET https://serviceusage.googleapis.com/v1/projects/fra-prototype-a4b93/services/ 200
[debug] [2025-09-23T10:18:35.799Z] <<< [apiv2][body] GET https://serviceusage.googleapis.com/v1/projects/fra-prototype-a4b93/services/ [omitted]
[debug] [2025-09-23T10:18:35.868Z] <<< [apiv2][status] GET https://serviceusage.googleapis.com/v1/projects/fra-prototype-a4b93/services/ 200
[debug] [2025-09-23T10:18:35.868Z] <<< [apiv2][body] GET https://serviceusage.googleapis.com/v1/projects/fra-prototype-a4b93/services/ [omitted]
[debug] [2025-09-23T10:18:36.002Z] <<< [apiv2][status] GET https://serviceusage.googleapis.com/v1/projects/fra-prototype-a4b93/services/firebasecrashlytics.googleapis.com 200
[debug] [2025-09-23T10:18:36.002Z] <<< [apiv2][body] GET https://serviceusage.googleapis.com/v1/projects/fra-prototype-a4b93/services/firebasecrashlytics.googleapis.com [omitted]
[debug] [2025-09-23T10:18:36.038Z] <<< [apiv2][status] GET https://serviceusage.googleapis.com/v1/projects/fra-prototype-a4b93/services/firebaseio.com 403
[debug] [2025-09-23T10:18:36.043Z] <<< [apiv2][body] GET https://serviceusage.googleapis.com/v1/projects/fra-prototype-a4b93/services/firebaseio.com [omitted]
[debug] [2025-09-23T10:18:36.056Z] <<< [apiv2][status] GET https://serviceusage.googleapis.com/v1/projects/fra-prototype-a4b93/services/firebasedataconnect.googleapis.com 200
[debug] [2025-09-23T10:18:36.057Z] <<< [apiv2][body] GET https://serviceusage.googleapis.com/v1/projects/fra-prototype-a4b93/services/firebasedataconnect.googleapis.com [omitted]
[debug] [2025-09-23T10:18:36.095Z] <<< [apiv2][status] GET https://serviceusage.googleapis.com/v1/projects/fra-prototype-a4b93/services/firebaseio.com 403
[debug] [2025-09-23T10:18:36.095Z] <<< [apiv2][body] GET https://serviceusage.googleapis.com/v1/projects/fra-prototype-a4b93/services/firebaseio.com [omitted]
[debug] [2025-09-23T10:18:36.131Z] <<< [apiv2][status] GET https://serviceusage.googleapis.com/v1/projects/fra-prototype-a4b93/services/firebasecrashlytics.googleapis.com 200
[debug] [2025-09-23T10:18:36.131Z] <<< [apiv2][body] GET https://serviceusage.googleapis.com/v1/projects/fra-prototype-a4b93/services/firebasecrashlytics.googleapis.com [omitted]
[debug] [2025-09-23T10:18:36.295Z] <<< [apiv2][status] GET https://serviceusage.googleapis.com/v1/projects/fra-prototype-a4b93/services/firebasedataconnect.googleapis.com 200
[debug] [2025-09-23T10:18:36.295Z] <<< [apiv2][body] GET https://serviceusage.googleapis.com/v1/projects/fra-prototype-a4b93/services/firebasedataconnect.googleapis.com [omitted]
[debug] [2025-09-23T10:18:36.363Z] <<< [apiv2][status] GET https://serviceusage.googleapis.com/v1/projects/fra-prototype-a4b93/services/firestore.googleapis.com 200
[debug] [2025-09-23T10:18:36.363Z] <<< [apiv2][body] GET https://serviceusage.googleapis.com/v1/projects/fra-prototype-a4b93/services/firestore.googleapis.com [omitted]
[debug] [2025-09-23T10:18:36.559Z] <<< [apiv2][status] GET https://serviceusage.googleapis.com/v1/projects/fra-prototype-a4b93/services/firestore.googleapis.com 200
[debug] [2025-09-23T10:18:36.561Z] <<< [apiv2][body] GET https://serviceusage.googleapis.com/v1/projects/fra-prototype-a4b93/services/firestore.googleapis.com [omitted]
[debug] [2025-09-23T10:18:36.566Z] <<< [apiv2][status] GET https://serviceusage.googleapis.com/v1/projects/fra-prototype-a4b93/services/firebaseapphosting.googleapis.com 200
[debug] [2025-09-23T10:18:36.566Z] <<< [apiv2][body] GET https://serviceusage.googleapis.com/v1/projects/fra-prototype-a4b93/services/firebaseapphosting.googleapis.com [omitted]
[debug] [2025-09-23T10:18:36.595Z] <<< [apiv2][status] GET https://serviceusage.googleapis.com/v1/projects/fra-prototype-a4b93/services/firebaseapphosting.googleapis.com 200
[debug] [2025-09-23T10:18:36.595Z] <<< [apiv2][body] GET https://serviceusage.googleapis.com/v1/projects/fra-prototype-a4b93/services/firebaseapphosting.googleapis.com [omitted]
[error] Failed to fetch Firebase Project from Studio Workspace because WORKSPACE_SLUG environment variable is empty
[error] Failed to fetch Firebase Project from Studio Workspace because WORKSPACE_SLUG environment variable is empty
[debug] [2025-09-23T10:18:36.614Z] > command requires scopes: ["email","openid","https://www.googleapis.com/auth/cloudplatformprojects.readonly","https://www.googleapis.com/auth/firebase","https://www.googleapis.com/auth/cloud-platform","https://www.googleapis.com/auth/userinfo.email"]
[debug] [2025-09-23T10:18:36.618Z] > authorizing via signed-in user (barunpattanaik2@gmail.com)
[error] Failed to fetch Firebase Project from Studio Workspace because WORKSPACE_SLUG environment variable is empty
[error] Failed to fetch Firebase Project from Studio Workspace because WORKSPACE_SLUG environment variable is empty
[debug] [2025-09-23T10:18:41.221Z] Checked if tokens are valid: true, expires at: 1758626314358
[debug] [2025-09-23T10:18:41.222Z] Checked if tokens are valid: true, expires at: 1758626314358
[debug] [2025-09-23T10:18:41.222Z] Checked if tokens are valid: true, expires at: 1758626314358
[debug] [2025-09-23T10:18:41.222Z] Checked if tokens are valid: true, expires at: 1758626314358
[debug] [2025-09-23T10:18:41.223Z] Checked if tokens are valid: true, expires at: 1758626314358
[debug] [2025-09-23T10:18:41.223Z] Checked if tokens are valid: true, expires at: 1758626314358
[debug] [2025-09-23T10:18:41.224Z] Checked if tokens are valid: true, expires at: 1758626314358
[debug] [2025-09-23T10:18:41.224Z] Checked if tokens are valid: true, expires at: 1758626314358
[debug] [2025-09-23T10:18:41.225Z] Checked if tokens are valid: true, expires at: 1758626314358
[debug] [2025-09-23T10:18:41.225Z] Checked if tokens are valid: true, expires at: 1758626314358
[debug] [2025-09-23T10:18:41.226Z] Checked if tokens are valid: true, expires at: 1758626314358
[debug] [2025-09-23T10:18:41.226Z] Checked if tokens are valid: true, expires at: 1758626314358
[debug] [2025-09-23T10:18:41.228Z] >>> [apiv2][query] GET https://serviceusage.googleapis.com/v1/projects/fra-prototype-a4b93/services/ [none]
[debug] [2025-09-23T10:18:41.229Z] >>> [apiv2][(partial)header] GET https://serviceusage.googleapis.com/v1/projects/fra-prototype-a4b93/services/ x-goog-quota-user=projects/fra-prototype-a4b93
[debug] [2025-09-23T10:18:41.266Z] >>> [apiv2][query] GET https://serviceusage.googleapis.com/v1/projects/fra-prototype-a4b93/services/firestore.googleapis.com [none]
[debug] [2025-09-23T10:18:41.266Z] >>> [apiv2][(partial)header] GET https://serviceusage.googleapis.com/v1/projects/fra-prototype-a4b93/services/firestore.googleapis.com x-goog-quota-user=projects/fra-prototype-a4b93
[debug] [2025-09-23T10:18:41.268Z] >>> [apiv2][query] GET https://serviceusage.googleapis.com/v1/projects/fra-prototype-a4b93/services/firebasedataconnect.googleapis.com [none]
[debug] [2025-09-23T10:18:41.269Z] >>> [apiv2][(partial)header] GET https://serviceusage.googleapis.com/v1/projects/fra-prototype-a4b93/services/firebasedataconnect.googleapis.com x-goog-quota-user=projects/fra-prototype-a4b93
[debug] [2025-09-23T10:18:41.270Z] >>> [apiv2][query] GET https://serviceusage.googleapis.com/v1/projects/fra-prototype-a4b93/services/firebasecrashlytics.googleapis.com [none]
[debug] [2025-09-23T10:18:41.270Z] >>> [apiv2][(partial)header] GET https://serviceusage.googleapis.com/v1/projects/fra-prototype-a4b93/services/firebasecrashlytics.googleapis.com x-goog-quota-user=projects/fra-prototype-a4b93
[debug] [2025-09-23T10:18:41.272Z] >>> [apiv2][query] GET https://serviceusage.googleapis.com/v1/projects/fra-prototype-a4b93/services/firebaseapphosting.googleapis.com [none]
[debug] [2025-09-23T10:18:41.272Z] >>> [apiv2][(partial)header] GET https://serviceusage.googleapis.com/v1/projects/fra-prototype-a4b93/services/firebaseapphosting.googleapis.com x-goog-quota-user=projects/fra-prototype-a4b93
[debug] [2025-09-23T10:18:41.274Z] >>> [apiv2][query] GET https://serviceusage.googleapis.com/v1/projects/fra-prototype-a4b93/services/firebaseio.com [none]
[debug] [2025-09-23T10:18:41.274Z] >>> [apiv2][(partial)header] GET https://serviceusage.googleapis.com/v1/projects/fra-prototype-a4b93/services/firebaseio.com x-goog-quota-user=projects/fra-prototype-a4b93
[error] Failed to fetch Firebase Project from Studio Workspace because WORKSPACE_SLUG environment variable is empty
[error] Failed to fetch Firebase Project from Studio Workspace because WORKSPACE_SLUG environment variable is empty
[debug] [2025-09-23T10:18:41.362Z] Checked if tokens are valid: true, expires at: 1758626314358
[debug] [2025-09-23T10:18:41.362Z] Checked if tokens are valid: true, expires at: 1758626314358
[debug] [2025-09-23T10:18:41.362Z] Checked if tokens are valid: true, expires at: 1758626314358
[debug] [2025-09-23T10:18:41.362Z] Checked if tokens are valid: true, expires at: 1758626314358
[debug] [2025-09-23T10:18:41.362Z] Checked if tokens are valid: true, expires at: 1758626314358
[debug] [2025-09-23T10:18:41.363Z] Checked if tokens are valid: true, expires at: 1758626314358
[debug] [2025-09-23T10:18:41.363Z] Checked if tokens are valid: true, expires at: 1758626314358
[debug] [2025-09-23T10:18:41.363Z] Checked if tokens are valid: true, expires at: 1758626314358
[debug] [2025-09-23T10:18:41.364Z] Checked if tokens are valid: true, expires at: 1758626314358
[debug] [2025-09-23T10:18:41.364Z] Checked if tokens are valid: true, expires at: 1758626314358
[debug] [2025-09-23T10:18:41.364Z] Checked if tokens are valid: true, expires at: 1758626314358
[debug] [2025-09-23T10:18:41.364Z] Checked if tokens are valid: true, expires at: 1758626314358
[debug] [2025-09-23T10:18:41.365Z] >>> [apiv2][query] GET https://serviceusage.googleapis.com/v1/projects/fra-prototype-a4b93/services/ [none]
[debug] [2025-09-23T10:18:41.365Z] >>> [apiv2][(partial)header] GET https://serviceusage.googleapis.com/v1/projects/fra-prototype-a4b93/services/ x-goog-quota-user=projects/fra-prototype-a4b93
[debug] [2025-09-23T10:18:41.366Z] >>> [apiv2][query] GET https://serviceusage.googleapis.com/v1/projects/fra-prototype-a4b93/services/firestore.googleapis.com [none]
[debug] [2025-09-23T10:18:41.366Z] >>> [apiv2][(partial)header] GET https://serviceusage.googleapis.com/v1/projects/fra-prototype-a4b93/services/firestore.googleapis.com x-goog-quota-user=projects/fra-prototype-a4b93
[debug] [2025-09-23T10:18:41.368Z] >>> [apiv2][query] GET https://serviceusage.googleapis.com/v1/projects/fra-prototype-a4b93/services/firebasedataconnect.googleapis.com [none]
[debug] [2025-09-23T10:18:41.368Z] >>> [apiv2][(partial)header] GET https://serviceusage.googleapis.com/v1/projects/fra-prototype-a4b93/services/firebasedataconnect.googleapis.com x-goog-quota-user=projects/fra-prototype-a4b93
[debug] [2025-09-23T10:18:41.373Z] >>> [apiv2][query] GET https://serviceusage.googleapis.com/v1/projects/fra-prototype-a4b93/services/firebasecrashlytics.googleapis.com [none]
[debug] [2025-09-23T10:18:41.373Z] >>> [apiv2][(partial)header] GET https://serviceusage.googleapis.com/v1/projects/fra-prototype-a4b93/services/firebasecrashlytics.googleapis.com x-goog-quota-user=projects/fra-prototype-a4b93
[debug] [2025-09-23T10:18:41.378Z] >>> [apiv2][query] GET https://serviceusage.googleapis.com/v1/projects/fra-prototype-a4b93/services/firebaseapphosting.googleapis.com [none]
[debug] [2025-09-23T10:18:41.378Z] >>> [apiv2][(partial)header] GET https://serviceusage.googleapis.com/v1/projects/fra-prototype-a4b93/services/firebaseapphosting.googleapis.com x-goog-quota-user=projects/fra-prototype-a4b93
[debug] [2025-09-23T10:18:41.382Z] >>> [apiv2][query] GET https://serviceusage.googleapis.com/v1/projects/fra-prototype-a4b93/services/firebaseio.com [none]
[debug] [2025-09-23T10:18:41.383Z] >>> [apiv2][(partial)header] GET https://serviceusage.googleapis.com/v1/projects/fra-prototype-a4b93/services/firebaseio.com x-goog-quota-user=projects/fra-prototype-a4b93
[debug] [2025-09-23T10:18:42.389Z] <<< [apiv2][status] GET https://serviceusage.googleapis.com/v1/projects/fra-prototype-a4b93/services/firebasedataconnect.googleapis.com 200
[debug] [2025-09-23T10:18:42.394Z] <<< [apiv2][body] GET https://serviceusage.googleapis.com/v1/projects/fra-prototype-a4b93/services/firebasedataconnect.googleapis.com [omitted]
[debug] [2025-09-23T10:18:42.406Z] <<< [apiv2][status] GET https://serviceusage.googleapis.com/v1/projects/fra-prototype-a4b93/services/firebaseapphosting.googleapis.com 200
[debug] [2025-09-23T10:18:42.406Z] <<< [apiv2][body] GET https://serviceusage.googleapis.com/v1/projects/fra-prototype-a4b93/services/firebaseapphosting.googleapis.com [omitted]
[debug] [2025-09-23T10:18:42.464Z] <<< [apiv2][status] GET https://serviceusage.googleapis.com/v1/projects/fra-prototype-a4b93/services/firebaseio.com 403
[debug] [2025-09-23T10:18:42.465Z] <<< [apiv2][body] GET https://serviceusage.googleapis.com/v1/projects/fra-prototype-a4b93/services/firebaseio.com [omitted]
[debug] [2025-09-23T10:18:42.468Z] <<< [apiv2][status] GET https://serviceusage.googleapis.com/v1/projects/fra-prototype-a4b93/services/firebaseapphosting.googleapis.com 200
[debug] [2025-09-23T10:18:42.468Z] <<< [apiv2][body] GET https://serviceusage.googleapis.com/v1/projects/fra-prototype-a4b93/services/firebaseapphosting.googleapis.com [omitted]
[debug] [2025-09-23T10:18:42.469Z] <<< [apiv2][status] GET https://serviceusage.googleapis.com/v1/projects/fra-prototype-a4b93/services/firebaseio.com 403
[debug] [2025-09-23T10:18:42.469Z] <<< [apiv2][body] GET https://serviceusage.googleapis.com/v1/projects/fra-prototype-a4b93/services/firebaseio.com [omitted]
[debug] [2025-09-23T10:18:42.470Z] <<< [apiv2][status] GET https://serviceusage.googleapis.com/v1/projects/fra-prototype-a4b93/services/firebasedataconnect.googleapis.com 200
[debug] [2025-09-23T10:18:42.470Z] <<< [apiv2][body] GET https://serviceusage.googleapis.com/v1/projects/fra-prototype-a4b93/services/firebasedataconnect.googleapis.com [omitted]
[debug] [2025-09-23T10:18:42.470Z] <<< [apiv2][status] GET https://serviceusage.googleapis.com/v1/projects/fra-prototype-a4b93/services/firestore.googleapis.com 200
[debug] [2025-09-23T10:18:42.470Z] <<< [apiv2][body] GET https://serviceusage.googleapis.com/v1/projects/fra-prototype-a4b93/services/firestore.googleapis.com [omitted]
[debug] [2025-09-23T10:18:42.471Z] <<< [apiv2][status] GET https://serviceusage.googleapis.com/v1/projects/fra-prototype-a4b93/services/firebasecrashlytics.googleapis.com 200
[debug] [2025-09-23T10:18:42.472Z] <<< [apiv2][body] GET https://serviceusage.googleapis.com/v1/projects/fra-prototype-a4b93/services/firebasecrashlytics.googleapis.com [omitted]
[debug] [2025-09-23T10:18:42.472Z] <<< [apiv2][status] GET https://serviceusage.googleapis.com/v1/projects/fra-prototype-a4b93/services/firebasecrashlytics.googleapis.com 200
[debug] [2025-09-23T10:18:42.472Z] <<< [apiv2][body] GET https://serviceusage.googleapis.com/v1/projects/fra-prototype-a4b93/services/firebasecrashlytics.googleapis.com [omitted]
[debug] [2025-09-23T10:18:42.473Z] <<< [apiv2][status] GET https://serviceusage.googleapis.com/v1/projects/fra-prototype-a4b93/services/firestore.googleapis.com 200
[debug] [2025-09-23T10:18:42.473Z] <<< [apiv2][body] GET https://serviceusage.googleapis.com/v1/projects/fra-prototype-a4b93/services/firestore.googleapis.com [omitted]
[debug] [2025-09-23T10:18:42.697Z] <<< [apiv2][status] GET https://serviceusage.googleapis.com/v1/projects/fra-prototype-a4b93/services/ 200
[debug] [2025-09-23T10:18:42.698Z] <<< [apiv2][body] GET https://serviceusage.googleapis.com/v1/projects/fra-prototype-a4b93/services/ [omitted]
[debug] [2025-09-23T10:18:42.722Z] <<< [apiv2][status] GET https://serviceusage.googleapis.com/v1/projects/fra-prototype-a4b93/services/ 200
[debug] [2025-09-23T10:18:42.722Z] <<< [apiv2][body] GET https://serviceusage.googleapis.com/v1/projects/fra-prototype-a4b93/services/ [omitted]
[error] Failed to fetch Firebase Project from Studio Workspace because WORKSPACE_SLUG environment variable is empty
[error] Failed to fetch Firebase Project from Studio Workspace because WORKSPACE_SLUG environment variable is empty
[debug] [2025-09-23T10:18:42.730Z] > command requires scopes: ["email","openid","https://www.googleapis.com/auth/cloudplatformprojects.readonly","https://www.googleapis.com/auth/firebase","https://www.googleapis.com/auth/cloud-platform","https://www.googleapis.com/auth/userinfo.email"]
[debug] [2025-09-23T10:18:42.731Z] > authorizing via signed-in user (barunpattanaik2@gmail.com)
[error] Failed to fetch Firebase Project from Studio Workspace because WORKSPACE_SLUG environment variable is empty
[error] Failed to fetch Firebase Project from Studio Workspace because WORKSPACE_SLUG environment variable is empty
[debug] [2025-09-23T10:18:42.764Z] > command requires scopes: ["email","openid","https://www.googleapis.com/auth/cloudplatformprojects.readonly","https://www.googleapis.com/auth/firebase","https://www.googleapis.com/auth/cloud-platform","https://www.googleapis.com/auth/userinfo.email"]
[debug] [2025-09-23T10:18:42.764Z] > authorizing via signed-in user (barunpattanaik2@gmail.com)
[error] Failed to fetch Firebase Project from Studio Workspace because WORKSPACE_SLUG environment variable is empty
[error] Failed to fetch Firebase Project from Studio Workspace because WORKSPACE_SLUG environment variable is empty
[debug] [2025-09-23T10:18:42.782Z] > command requires scopes: ["email","openid","https://www.googleapis.com/auth/cloudplatformprojects.readonly","https://www.googleapis.com/auth/firebase","https://www.googleapis.com/auth/cloud-platform","https://www.googleapis.com/auth/userinfo.email"]
[debug] [2025-09-23T10:18:42.782Z] > authorizing via signed-in user (barunpattanaik2@gmail.com)
[error] Failed to fetch Firebase Project from Studio Workspace because WORKSPACE_SLUG environment variable is empty
[error] Failed to fetch Firebase Project from Studio Workspace because WORKSPACE_SLUG environment variable is empty
[debug] [2025-09-23T10:35:53.769Z] Checked if tokens are valid: true, expires at: 1758626314358
[debug] [2025-09-23T10:35:53.769Z] Checked if tokens are valid: true, expires at: 1758626314358
[debug] [2025-09-23T10:35:53.770Z] Checked if tokens are valid: true, expires at: 1758626314358
[debug] [2025-09-23T10:35:53.770Z] Checked if tokens are valid: true, expires at: 1758626314358
[debug] [2025-09-23T10:35:53.770Z] Checked if tokens are valid: true, expires at: 1758626314358
[debug] [2025-09-23T10:35:53.770Z] Checked if tokens are valid: true, expires at: 1758626314358
[debug] [2025-09-23T10:35:53.771Z] Checked if tokens are valid: true, expires at: 1758626314358
[debug] [2025-09-23T10:35:53.771Z] Checked if tokens are valid: true, expires at: 1758626314358
[debug] [2025-09-23T10:35:53.772Z] Checked if tokens are valid: true, expires at: 1758626314358
[debug] [2025-09-23T10:35:53.772Z] Checked if tokens are valid: true, expires at: 1758626314358
[debug] [2025-09-23T10:35:53.772Z] Checked if tokens are valid: true, expires at: 1758626314358
[debug] [2025-09-23T10:35:53.773Z] Checked if tokens are valid: true, expires at: 1758626314358
[debug] [2025-09-23T10:35:53.774Z] >>> [apiv2][query] GET https://serviceusage.googleapis.com/v1/projects/fra-prototype-a4b93/services/ [none]
[debug] [2025-09-23T10:35:53.774Z] >>> [apiv2][(partial)header] GET https://serviceusage.googleapis.com/v1/projects/fra-prototype-a4b93/services/ x-goog-quota-user=projects/fra-prototype-a4b93
[debug] [2025-09-23T10:35:53.816Z] >>> [apiv2][query] GET https://serviceusage.googleapis.com/v1/projects/fra-prototype-a4b93/services/firestore.googleapis.com [none]
[debug] [2025-09-23T10:35:53.817Z] >>> [apiv2][(partial)header] GET https://serviceusage.googleapis.com/v1/projects/fra-prototype-a4b93/services/firestore.googleapis.com x-goog-quota-user=projects/fra-prototype-a4b93
[debug] [2025-09-23T10:35:53.819Z] >>> [apiv2][query] GET https://serviceusage.googleapis.com/v1/projects/fra-prototype-a4b93/services/firebasedataconnect.googleapis.com [none]
[debug] [2025-09-23T10:35:53.819Z] >>> [apiv2][(partial)header] GET https://serviceusage.googleapis.com/v1/projects/fra-prototype-a4b93/services/firebasedataconnect.googleapis.com x-goog-quota-user=projects/fra-prototype-a4b93
[debug] [2025-09-23T10:35:53.821Z] >>> [apiv2][query] GET https://serviceusage.googleapis.com/v1/projects/fra-prototype-a4b93/services/firebasecrashlytics.googleapis.com [none]
[debug] [2025-09-23T10:35:53.821Z] >>> [apiv2][(partial)header] GET https://serviceusage.googleapis.com/v1/projects/fra-prototype-a4b93/services/firebasecrashlytics.googleapis.com x-goog-quota-user=projects/fra-prototype-a4b93
[debug] [2025-09-23T10:35:53.823Z] >>> [apiv2][query] GET https://serviceusage.googleapis.com/v1/projects/fra-prototype-a4b93/services/firebaseapphosting.googleapis.com [none]
[debug] [2025-09-23T10:35:53.823Z] >>> [apiv2][(partial)header] GET https://serviceusage.googleapis.com/v1/projects/fra-prototype-a4b93/services/firebaseapphosting.googleapis.com x-goog-quota-user=projects/fra-prototype-a4b93
[debug] [2025-09-23T10:35:53.824Z] >>> [apiv2][query] GET https://serviceusage.googleapis.com/v1/projects/fra-prototype-a4b93/services/firebaseio.com [none]
[debug] [2025-09-23T10:35:53.825Z] >>> [apiv2][(partial)header] GET https://serviceusage.googleapis.com/v1/projects/fra-prototype-a4b93/services/firebaseio.com x-goog-quota-user=projects/fra-prototype-a4b93
[error] Failed to fetch Firebase Project from Studio Workspace because WORKSPACE_SLUG environment variable is empty
[error] Failed to fetch Firebase Project from Studio Workspace because WORKSPACE_SLUG environment variable is empty
[debug] [2025-09-23T10:35:53.910Z] Checked if tokens are valid: true, expires at: 1758626314358
[debug] [2025-09-23T10:35:53.910Z] Checked if tokens are valid: true, expires at: 1758626314358
[debug] [2025-09-23T10:35:53.910Z] Checked if tokens are valid: true, expires at: 1758626314358
[debug] [2025-09-23T10:35:53.910Z] Checked if tokens are valid: true, expires at: 1758626314358
[debug] [2025-09-23T10:35:53.911Z] Checked if tokens are valid: true, expires at: 1758626314358
[debug] [2025-09-23T10:35:53.911Z] Checked if tokens are valid: true, expires at: 1758626314358
[debug] [2025-09-23T10:35:53.912Z] Checked if tokens are valid: true, expires at: 1758626314358
[debug] [2025-09-23T10:35:53.912Z] Checked if tokens are valid: true, expires at: 1758626314358
[debug] [2025-09-23T10:35:53.912Z] Checked if tokens are valid: true, expires at: 1758626314358
[debug] [2025-09-23T10:35:53.912Z] Checked if tokens are valid: true, expires at: 1758626314358
[debug] [2025-09-23T10:35:53.912Z] Checked if tokens are valid: true, expires at: 1758626314358
[debug] [2025-09-23T10:35:53.912Z] Checked if tokens are valid: true, expires at: 1758626314358
[debug] [2025-09-23T10:35:53.913Z] >>> [apiv2][query] GET https://serviceusage.googleapis.com/v1/projects/fra-prototype-a4b93/services/ [none]
[debug] [2025-09-23T10:35:53.913Z] >>> [apiv2][(partial)header] GET https://serviceusage.googleapis.com/v1/projects/fra-prototype-a4b93/services/ x-goog-quota-user=projects/fra-prototype-a4b93
[debug] [2025-09-23T10:35:53.915Z] >>> [apiv2][query] GET https://serviceusage.googleapis.com/v1/projects/fra-prototype-a4b93/services/firestore.googleapis.com [none]
[debug] [2025-09-23T10:35:53.915Z] >>> [apiv2][(partial)header] GET https://serviceusage.googleapis.com/v1/projects/fra-prototype-a4b93/services/firestore.googleapis.com x-goog-quota-user=projects/fra-prototype-a4b93
[debug] [2025-09-23T10:35:53.917Z] >>> [apiv2][query] GET https://serviceusage.googleapis.com/v1/projects/fra-prototype-a4b93/services/firebasedataconnect.googleapis.com [none]
[debug] [2025-09-23T10:35:53.917Z] >>> [apiv2][(partial)header] GET https://serviceusage.googleapis.com/v1/projects/fra-prototype-a4b93/services/firebasedataconnect.googleapis.com x-goog-quota-user=projects/fra-prototype-a4b93
[debug] [2025-09-23T10:35:53.921Z] >>> [apiv2][query] GET https://serviceusage.googleapis.com/v1/projects/fra-prototype-a4b93/services/firebasecrashlytics.googleapis.com [none]
[debug] [2025-09-23T10:35:53.922Z] >>> [apiv2][(partial)header] GET https://serviceusage.googleapis.com/v1/projects/fra-prototype-a4b93/services/firebasecrashlytics.googleapis.com x-goog-quota-user=projects/fra-prototype-a4b93
[debug] [2025-09-23T10:35:53.925Z] >>> [apiv2][query] GET https://serviceusage.googleapis.com/v1/projects/fra-prototype-a4b93/services/firebaseapphosting.googleapis.com [none]
[debug] [2025-09-23T10:35:53.925Z] >>> [apiv2][(partial)header] GET https://serviceusage.googleapis.com/v1/projects/fra-prototype-a4b93/services/firebaseapphosting.googleapis.com x-goog-quota-user=projects/fra-prototype-a4b93
[debug] [2025-09-23T10:35:53.929Z] >>> [apiv2][query] GET https://serviceusage.googleapis.com/v1/projects/fra-prototype-a4b93/services/firebaseio.com [none]
[debug] [2025-09-23T10:35:53.929Z] >>> [apiv2][(partial)header] GET https://serviceusage.googleapis.com/v1/projects/fra-prototype-a4b93/services/firebaseio.com x-goog-quota-user=projects/fra-prototype-a4b93
[debug] [2025-09-23T10:35:54.876Z] <<< [apiv2][status] GET https://serviceusage.googleapis.com/v1/projects/fra-prototype-a4b93/services/firebaseio.com 403
[debug] [2025-09-23T10:35:54.876Z] <<< [apiv2][body] GET https://serviceusage.googleapis.com/v1/projects/fra-prototype-a4b93/services/firebaseio.com [omitted]
[debug] [2025-09-23T10:35:54.944Z] <<< [apiv2][status] GET https://serviceusage.googleapis.com/v1/projects/fra-prototype-a4b93/services/firebaseio.com 403
[debug] [2025-09-23T10:35:54.944Z] <<< [apiv2][body] GET https://serviceusage.googleapis.com/v1/projects/fra-prototype-a4b93/services/firebaseio.com [omitted]
[debug] [2025-09-23T10:35:54.999Z] <<< [apiv2][status] GET https://serviceusage.googleapis.com/v1/projects/fra-prototype-a4b93/services/ 200
[debug] [2025-09-23T10:35:54.999Z] <<< [apiv2][body] GET https://serviceusage.googleapis.com/v1/projects/fra-prototype-a4b93/services/ [omitted]
[debug] [2025-09-23T10:35:55.064Z] <<< [apiv2][status] GET https://serviceusage.googleapis.com/v1/projects/fra-prototype-a4b93/services/firebasecrashlytics.googleapis.com 200
[debug] [2025-09-23T10:35:55.064Z] <<< [apiv2][body] GET https://serviceusage.googleapis.com/v1/projects/fra-prototype-a4b93/services/firebasecrashlytics.googleapis.com [omitted]
[debug] [2025-09-23T10:35:55.075Z] <<< [apiv2][status] GET https://serviceusage.googleapis.com/v1/projects/fra-prototype-a4b93/services/firebaseapphosting.googleapis.com 200
[debug] [2025-09-23T10:35:55.076Z] <<< [apiv2][body] GET https://serviceusage.googleapis.com/v1/projects/fra-prototype-a4b93/services/firebaseapphosting.googleapis.com [omitted]
[debug] [2025-09-23T10:35:55.079Z] <<< [apiv2][status] GET https://serviceusage.googleapis.com/v1/projects/fra-prototype-a4b93/services/firebaseapphosting.googleapis.com 200
[debug] [2025-09-23T10:35:55.079Z] <<< [apiv2][body] GET https://serviceusage.googleapis.com/v1/projects/fra-prototype-a4b93/services/firebaseapphosting.googleapis.com [omitted]
[debug] [2025-09-23T10:35:55.080Z] <<< [apiv2][status] GET https://serviceusage.googleapis.com/v1/projects/fra-prototype-a4b93/services/firebasedataconnect.googleapis.com 200
[debug] [2025-09-23T10:35:55.080Z] <<< [apiv2][body] GET https://serviceusage.googleapis.com/v1/projects/fra-prototype-a4b93/services/firebasedataconnect.googleapis.com [omitted]
[debug] [2025-09-23T10:35:55.080Z] <<< [apiv2][status] GET https://serviceusage.googleapis.com/v1/projects/fra-prototype-a4b93/services/firebasedataconnect.googleapis.com 200
[debug] [2025-09-23T10:35:55.080Z] <<< [apiv2][body] GET https://serviceusage.googleapis.com/v1/projects/fra-prototype-a4b93/services/firebasedataconnect.googleapis.com [omitted]
[debug] [2025-09-23T10:35:55.083Z] <<< [apiv2][status] GET https://serviceusage.googleapis.com/v1/projects/fra-prototype-a4b93/services/firestore.googleapis.com 200
[debug] [2025-09-23T10:35:55.083Z] <<< [apiv2][body] GET https://serviceusage.googleapis.com/v1/projects/fra-prototype-a4b93/services/firestore.googleapis.com [omitted]
[debug] [2025-09-23T10:35:55.084Z] <<< [apiv2][status] GET https://serviceusage.googleapis.com/v1/projects/fra-prototype-a4b93/services/firebasecrashlytics.googleapis.com 200
[debug] [2025-09-23T10:35:55.084Z] <<< [apiv2][body] GET https://serviceusage.googleapis.com/v1/projects/fra-prototype-a4b93/services/firebasecrashlytics.googleapis.com [omitted]
[debug] [2025-09-23T10:35:55.092Z] <<< [apiv2][status] GET https://serviceusage.googleapis.com/v1/projects/fra-prototype-a4b93/services/firestore.googleapis.com 200
[debug] [2025-09-23T10:35:55.093Z] <<< [apiv2][body] GET https://serviceusage.googleapis.com/v1/projects/fra-prototype-a4b93/services/firestore.googleapis.com [omitted]
[error] Failed to fetch Firebase Project from Studio Workspace because WORKSPACE_SLUG environment variable is empty
[error] Failed to fetch Firebase Project from Studio Workspace because WORKSPACE_SLUG environment variable is empty
[debug] [2025-09-23T10:35:55.100Z] > command requires scopes: ["email","openid","https://www.googleapis.com/auth/cloudplatformprojects.readonly","https://www.googleapis.com/auth/firebase","https://www.googleapis.com/auth/cloud-platform","https://www.googleapis.com/auth/userinfo.email"]
[debug] [2025-09-23T10:35:55.101Z] > authorizing via signed-in user (barunpattanaik2@gmail.com)
[error] Failed to fetch Firebase Project from Studio Workspace because WORKSPACE_SLUG environment variable is empty
[error] Failed to fetch Firebase Project from Studio Workspace because WORKSPACE_SLUG environment variable is empty
[debug] [2025-09-23T10:35:55.128Z] > command requires scopes: ["email","openid","https://www.googleapis.com/auth/cloudplatformprojects.readonly","https://www.googleapis.com/auth/firebase","https://www.googleapis.com/auth/cloud-platform","https://www.googleapis.com/auth/userinfo.email"]
[debug] [2025-09-23T10:35:55.129Z] > authorizing via signed-in user (barunpattanaik2@gmail.com)
[error] Failed to fetch Firebase Project from Studio Workspace because WORKSPACE_SLUG environment variable is empty
[error] Failed to fetch Firebase Project from Studio Workspace because WORKSPACE_SLUG environment variable is empty
[debug] [2025-09-23T10:35:55.134Z] > command requires scopes: ["email","openid","https://www.googleapis.com/auth/cloudplatformprojects.readonly","https://www.googleapis.com/auth/firebase","https://www.googleapis.com/auth/cloud-platform","https://www.googleapis.com/auth/userinfo.email"]
[debug] [2025-09-23T10:35:55.135Z] > authorizing via signed-in user (barunpattanaik2@gmail.com)
[debug] [2025-09-23T10:35:55.197Z] <<< [apiv2][status] GET https://serviceusage.googleapis.com/v1/projects/fra-prototype-a4b93/services/ 200
[debug] [2025-09-23T10:35:55.197Z] <<< [apiv2][body] GET https://serviceusage.googleapis.com/v1/projects/fra-prototype-a4b93/services/ [omitted]
[error] Failed to fetch Firebase Project from Studio Workspace because WORKSPACE_SLUG environment variable is empty
[error] Failed to fetch Firebase Project from Studio Workspace because WORKSPACE_SLUG environment variable is empty
[debug] [2025-09-23T10:39:08.738Z] Checked if tokens are valid: true, expires at: 1758626314358
[debug] [2025-09-23T10:39:08.739Z] Checked if tokens are valid: true, expires at: 1758626314358
[debug] [2025-09-23T10:39:08.739Z] Checked if tokens are valid: true, expires at: 1758626314358
[debug] [2025-09-23T10:39:08.739Z] Checked if tokens are valid: true, expires at: 1758626314358
[debug] [2025-09-23T10:39:08.740Z] Checked if tokens are valid: true, expires at: 1758626314358
[debug] [2025-09-23T10:39:08.740Z] Checked if tokens are valid: true, expires at: 1758626314358
[debug] [2025-09-23T10:39:08.741Z] Checked if tokens are valid: true, expires at: 1758626314358
[debug] [2025-09-23T10:39:08.741Z] Checked if tokens are valid: true, expires at: 1758626314358
[debug] [2025-09-23T10:39:08.741Z] Checked if tokens are valid: true, expires at: 1758626314358
[debug] [2025-09-23T10:39:08.741Z] Checked if tokens are valid: true, expires at: 1758626314358
[debug] [2025-09-23T10:39:08.742Z] Checked if tokens are valid: true, expires at: 1758626314358
[debug] [2025-09-23T10:39:08.742Z] Checked if tokens are valid: true, expires at: 1758626314358
[debug] [2025-09-23T10:39:08.743Z] >>> [apiv2][query] GET https://serviceusage.googleapis.com/v1/projects/fra-prototype-a4b93/services/ [none]
[debug] [2025-09-23T10:39:08.744Z] >>> [apiv2][(partial)header] GET https://serviceusage.googleapis.com/v1/projects/fra-prototype-a4b93/services/ x-goog-quota-user=projects/fra-prototype-a4b93
[debug] [2025-09-23T10:39:08.805Z] >>> [apiv2][query] GET https://serviceusage.googleapis.com/v1/projects/fra-prototype-a4b93/services/firestore.googleapis.com [none]
[debug] [2025-09-23T10:39:08.805Z] >>> [apiv2][(partial)header] GET https://serviceusage.googleapis.com/v1/projects/fra-prototype-a4b93/services/firestore.googleapis.com x-goog-quota-user=projects/fra-prototype-a4b93
[debug] [2025-09-23T10:39:08.808Z] >>> [apiv2][query] GET https://serviceusage.googleapis.com/v1/projects/fra-prototype-a4b93/services/firebasedataconnect.googleapis.com [none]
[debug] [2025-09-23T10:39:08.808Z] >>> [apiv2][(partial)header] GET https://serviceusage.googleapis.com/v1/projects/fra-prototype-a4b93/services/firebasedataconnect.googleapis.com x-goog-quota-user=projects/fra-prototype-a4b93
[debug] [2025-09-23T10:39:08.810Z] >>> [apiv2][query] GET https://serviceusage.googleapis.com/v1/projects/fra-prototype-a4b93/services/firebasecrashlytics.googleapis.com [none]
[debug] [2025-09-23T10:39:08.811Z] >>> [apiv2][(partial)header] GET https://serviceusage.googleapis.com/v1/projects/fra-prototype-a4b93/services/firebasecrashlytics.googleapis.com x-goog-quota-user=projects/fra-prototype-a4b93
[debug] [2025-09-23T10:39:08.813Z] >>> [apiv2][query] GET https://serviceusage.googleapis.com/v1/projects/fra-prototype-a4b93/services/firebaseapphosting.googleapis.com [none]
[debug] [2025-09-23T10:39:08.813Z] >>> [apiv2][(partial)header] GET https://serviceusage.googleapis.com/v1/projects/fra-prototype-a4b93/services/firebaseapphosting.googleapis.com x-goog-quota-user=projects/fra-prototype-a4b93
[debug] [2025-09-23T10:39:08.814Z] >>> [apiv2][query] GET https://serviceusage.googleapis.com/v1/projects/fra-prototype-a4b93/services/firebaseio.com [none]
[debug] [2025-09-23T10:39:08.814Z] >>> [apiv2][(partial)header] GET https://serviceusage.googleapis.com/v1/projects/fra-prototype-a4b93/services/firebaseio.com x-goog-quota-user=projects/fra-prototype-a4b93
[error] Failed to fetch Firebase Project from Studio Workspace because WORKSPACE_SLUG environment variable is empty
[error] Failed to fetch Firebase Project from Studio Workspace because WORKSPACE_SLUG environment variable is empty
[debug] [2025-09-23T10:39:08.896Z] Checked if tokens are valid: true, expires at: 1758626314358
[debug] [2025-09-23T10:39:08.896Z] Checked if tokens are valid: true, expires at: 1758626314358
[debug] [2025-09-23T10:39:08.897Z] Checked if tokens are valid: true, expires at: 1758626314358
[debug] [2025-09-23T10:39:08.897Z] Checked if tokens are valid: true, expires at: 1758626314358
[debug] [2025-09-23T10:39:08.897Z] Checked if tokens are valid: true, expires at: 1758626314358
[debug] [2025-09-23T10:39:08.897Z] Checked if tokens are valid: true, expires at: 1758626314358
[debug] [2025-09-23T10:39:08.898Z] Checked if tokens are valid: true, expires at: 1758626314358
[debug] [2025-09-23T10:39:08.898Z] Checked if tokens are valid: true, expires at: 1758626314358
[debug] [2025-09-23T10:39:08.898Z] Checked if tokens are valid: true, expires at: 1758626314358
[debug] [2025-09-23T10:39:08.898Z] Checked if tokens are valid: true, expires at: 1758626314358
[debug] [2025-09-23T10:39:08.898Z] Checked if tokens are valid: true, expires at: 1758626314358
[debug] [2025-09-23T10:39:08.898Z] Checked if tokens are valid: true, expires at: 1758626314358
[debug] [2025-09-23T10:39:08.899Z] >>> [apiv2][query] GET https://serviceusage.googleapis.com/v1/projects/fra-prototype-a4b93/services/ [none]
[debug] [2025-09-23T10:39:08.899Z] >>> [apiv2][(partial)header] GET https://serviceusage.googleapis.com/v1/projects/fra-prototype-a4b93/services/ x-goog-quota-user=projects/fra-prototype-a4b93
[debug] [2025-09-23T10:39:08.900Z] >>> [apiv2][query] GET https://serviceusage.googleapis.com/v1/projects/fra-prototype-a4b93/services/firestore.googleapis.com [none]
[debug] [2025-09-23T10:39:08.901Z] >>> [apiv2][(partial)header] GET https://serviceusage.googleapis.com/v1/projects/fra-prototype-a4b93/services/firestore.googleapis.com x-goog-quota-user=projects/fra-prototype-a4b93
[debug] [2025-09-23T10:39:08.902Z] >>> [apiv2][query] GET https://serviceusage.googleapis.com/v1/projects/fra-prototype-a4b93/services/firebasedataconnect.googleapis.com [none]
[debug] [2025-09-23T10:39:08.902Z] >>> [apiv2][(partial)header] GET https://serviceusage.googleapis.com/v1/projects/fra-prototype-a4b93/services/firebasedataconnect.googleapis.com x-goog-quota-user=projects/fra-prototype-a4b93
[debug] [2025-09-23T10:39:08.906Z] >>> [apiv2][query] GET https://serviceusage.googleapis.com/v1/projects/fra-prototype-a4b93/services/firebasecrashlytics.googleapis.com [none]
[debug] [2025-09-23T10:39:08.906Z] >>> [apiv2][(partial)header] GET https://serviceusage.googleapis.com/v1/projects/fra-prototype-a4b93/services/firebasecrashlytics.googleapis.com x-goog-quota-user=projects/fra-prototype-a4b93
[debug] [2025-09-23T10:39:08.908Z] >>> [apiv2][query] GET https://serviceusage.googleapis.com/v1/projects/fra-prototype-a4b93/services/firebaseapphosting.googleapis.com [none]
[debug] [2025-09-23T10:39:08.908Z] >>> [apiv2][(partial)header] GET https://serviceusage.googleapis.com/v1/projects/fra-prototype-a4b93/services/firebaseapphosting.googleapis.com x-goog-quota-user=projects/fra-prototype-a4b93
[debug] [2025-09-23T10:39:08.909Z] >>> [apiv2][query] GET https://serviceusage.googleapis.com/v1/projects/fra-prototype-a4b93/services/firebaseio.com [none]
[debug] [2025-09-23T10:39:08.910Z] >>> [apiv2][(partial)header] GET https://serviceusage.googleapis.com/v1/projects/fra-prototype-a4b93/services/firebaseio.com x-goog-quota-user=projects/fra-prototype-a4b93
[debug] [2025-09-23T10:39:09.202Z] <<< [apiv2][status] GET https://serviceusage.googleapis.com/v1/projects/fra-prototype-a4b93/services/ 200
[debug] [2025-09-23T10:39:09.203Z] <<< [apiv2][body] GET https://serviceusage.googleapis.com/v1/projects/fra-prototype-a4b93/services/ [omitted]
[debug] [2025-09-23T10:39:09.890Z] <<< [apiv2][status] GET https://serviceusage.googleapis.com/v1/projects/fra-prototype-a4b93/services/firebaseio.com 403
[debug] [2025-09-23T10:39:09.890Z] <<< [apiv2][body] GET https://serviceusage.googleapis.com/v1/projects/fra-prototype-a4b93/services/firebaseio.com [omitted]
[debug] [2025-09-23T10:39:09.933Z] <<< [apiv2][status] GET https://serviceusage.googleapis.com/v1/projects/fra-prototype-a4b93/services/firebaseio.com 403
[debug] [2025-09-23T10:39:09.933Z] <<< [apiv2][body] GET https://serviceusage.googleapis.com/v1/projects/fra-prototype-a4b93/services/firebaseio.com [omitted]
[debug] [2025-09-23T10:39:10.159Z] <<< [apiv2][status] GET https://serviceusage.googleapis.com/v1/projects/fra-prototype-a4b93/services/firebaseapphosting.googleapis.com 200
[debug] [2025-09-23T10:39:10.160Z] <<< [apiv2][body] GET https://serviceusage.googleapis.com/v1/projects/fra-prototype-a4b93/services/firebaseapphosting.googleapis.com [omitted]
[debug] [2025-09-23T10:39:10.164Z] <<< [apiv2][status] GET https://serviceusage.googleapis.com/v1/projects/fra-prototype-a4b93/services/firebaseapphosting.googleapis.com 200
[debug] [2025-09-23T10:39:10.164Z] <<< [apiv2][body] GET https://serviceusage.googleapis.com/v1/projects/fra-prototype-a4b93/services/firebaseapphosting.googleapis.com [omitted]
[debug] [2025-09-23T10:39:10.171Z] <<< [apiv2][status] GET https://serviceusage.googleapis.com/v1/projects/fra-prototype-a4b93/services/firebasedataconnect.googleapis.com 200
[debug] [2025-09-23T10:39:10.171Z] <<< [apiv2][body] GET https://serviceusage.googleapis.com/v1/projects/fra-prototype-a4b93/services/firebasedataconnect.googleapis.com [omitted]
[debug] [2025-09-23T10:39:10.172Z] <<< [apiv2][status] GET https://serviceusage.googleapis.com/v1/projects/fra-prototype-a4b93/services/firebasecrashlytics.googleapis.com 200
[debug] [2025-09-23T10:39:10.172Z] <<< [apiv2][body] GET https://serviceusage.googleapis.com/v1/projects/fra-prototype-a4b93/services/firebasecrashlytics.googleapis.com [omitted]
[debug] [2025-09-23T10:39:10.187Z] <<< [apiv2][status] GET https://serviceusage.googleapis.com/v1/projects/fra-prototype-a4b93/services/firebasecrashlytics.googleapis.com 200
[debug] [2025-09-23T10:39:10.187Z] <<< [apiv2][body] GET https://serviceusage.googleapis.com/v1/projects/fra-prototype-a4b93/services/firebasecrashlytics.googleapis.com [omitted]
[debug] [2025-09-23T10:39:10.188Z] <<< [apiv2][status] GET https://serviceusage.googleapis.com/v1/projects/fra-prototype-a4b93/services/firebasedataconnect.googleapis.com 200
[debug] [2025-09-23T10:39:10.188Z] <<< [apiv2][body] GET https://serviceusage.googleapis.com/v1/projects/fra-prototype-a4b93/services/firebasedataconnect.googleapis.com [omitted]
[debug] [2025-09-23T10:39:10.191Z] <<< [apiv2][status] GET https://serviceusage.googleapis.com/v1/projects/fra-prototype-a4b93/services/firestore.googleapis.com 200
[debug] [2025-09-23T10:39:10.191Z] <<< [apiv2][body] GET https://serviceusage.googleapis.com/v1/projects/fra-prototype-a4b93/services/firestore.googleapis.com [omitted]
[error] Failed to fetch Firebase Project from Studio Workspace because WORKSPACE_SLUG environment variable is empty
[error] Failed to fetch Firebase Project from Studio Workspace because WORKSPACE_SLUG environment variable is empty
[debug] [2025-09-23T10:39:10.198Z] > command requires scopes: ["email","openid","https://www.googleapis.com/auth/cloudplatformprojects.readonly","https://www.googleapis.com/auth/firebase","https://www.googleapis.com/auth/cloud-platform","https://www.googleapis.com/auth/userinfo.email"]
[debug] [2025-09-23T10:39:10.199Z] > authorizing via signed-in user (barunpattanaik2@gmail.com)
[debug] [2025-09-23T10:39:10.201Z] <<< [apiv2][status] GET https://serviceusage.googleapis.com/v1/projects/fra-prototype-a4b93/services/firestore.googleapis.com 200
[debug] [2025-09-23T10:39:10.201Z] <<< [apiv2][body] GET https://serviceusage.googleapis.com/v1/projects/fra-prototype-a4b93/services/firestore.googleapis.com [omitted]
[debug] [2025-09-23T10:39:10.202Z] <<< [apiv2][status] GET https://serviceusage.googleapis.com/v1/projects/fra-prototype-a4b93/services/ 200
[debug] [2025-09-23T10:39:10.202Z] <<< [apiv2][body] GET https://serviceusage.googleapis.com/v1/projects/fra-prototype-a4b93/services/ [omitted]
[error] Failed to fetch Firebase Project from Studio Workspace because WORKSPACE_SLUG environment variable is empty
[error] Failed to fetch Firebase Project from Studio Workspace because WORKSPACE_SLUG environment variable is empty
[debug] [2025-09-23T10:39:10.225Z] > command requires scopes: ["email","openid","https://www.googleapis.com/auth/cloudplatformprojects.readonly","https://www.googleapis.com/auth/firebase","https://www.googleapis.com/auth/cloud-platform","https://www.googleapis.com/auth/userinfo.email"]
[debug] [2025-09-23T10:39:10.226Z] > authorizing via signed-in user (barunpattanaik2@gmail.com)
[error] Failed to fetch Firebase Project from Studio Workspace because WORKSPACE_SLUG environment variable is empty
[error] Failed to fetch Firebase Project from Studio Workspace because WORKSPACE_SLUG environment variable is empty
[debug] [2025-09-23T10:39:10.235Z] > command requires scopes: ["email","openid","https://www.googleapis.com/auth/cloudplatformprojects.readonly","https://www.googleapis.com/auth/firebase","https://www.googleapis.com/auth/cloud-platform","https://www.googleapis.com/auth/userinfo.email"]
[debug] [2025-09-23T10:39:10.235Z] > authorizing via signed-in user (barunpattanaik2@gmail.com)
[error] Failed to fetch Firebase Project from Studio Workspace because WORKSPACE_SLUG environment variable is empty
[error] Failed to fetch Firebase Project from Studio Workspace because WORKSPACE_SLUG environment variable is empty
[error] Failed to fetch Firebase Project from Studio Workspace because WORKSPACE_SLUG environment variable is empty
[error] Failed to fetch Firebase Project from Studio Workspace because WORKSPACE_SLUG environment variable is empty
[debug] [2025-11-28T09:43:52.134Z] > command requires scopes: ["email","openid","https://www.googleapis.com/auth/cloudplatformprojects.readonly","https://www.googleapis.com/auth/firebase","https://www.googleapis.com/auth/cloud-platform","https://www.googleapis.com/auth/userinfo.email"]
[debug] [2025-11-28T09:43:52.138Z] > authorizing via signed-in user (barunpattanaik2@gmail.com)
[debug] [2025-11-28T09:43:52.152Z] Checked if tokens are valid: false, expires at: 1758626314358
[debug] [2025-11-28T09:43:52.153Z] Checked if tokens are valid: false, expires at: 1758626314358
[debug] [2025-11-28T09:43:52.153Z] > refreshing access token with scopes: []
[debug] [2025-11-28T09:43:52.156Z] >>> [apiv2][query] POST https://www.googleapis.com/oauth2/v3/token [none]
[debug] [2025-11-28T09:43:52.156Z] >>> [apiv2][body] POST https://www.googleapis.com/oauth2/v3/token [omitted]
[debug] [2025-11-28T09:43:52.213Z] Checked if tokens are valid: false, expires at: 1758626314358
[debug] [2025-11-28T09:43:52.214Z] Checked if tokens are valid: false, expires at: 1758626314358
[debug] [2025-11-28T09:43:52.214Z] > refreshing access token with scopes: []
[debug] [2025-11-28T09:43:52.215Z] >>> [apiv2][query] POST https://www.googleapis.com/oauth2/v3/token [none]
[debug] [2025-11-28T09:43:52.215Z] >>> [apiv2][body] POST https://www.googleapis.com/oauth2/v3/token [omitted]
[debug] [2025-11-28T09:43:52.218Z] Checked if tokens are valid: false, expires at: 1758626314358
[debug] [2025-11-28T09:43:52.219Z] Checked if tokens are valid: false, expires at: 1758626314358
[debug] [2025-11-28T09:43:52.219Z] > refreshing access token with scopes: []
[debug] [2025-11-28T09:43:52.220Z] >>> [apiv2][query] POST https://www.googleapis.com/oauth2/v3/token [none]
[debug] [2025-11-28T09:43:52.220Z] >>> [apiv2][body] POST https://www.googleapis.com/oauth2/v3/token [omitted]
[debug] [2025-11-28T09:43:52.236Z] Checked if tokens are valid: false, expires at: 1758626314358
[debug] [2025-11-28T09:43:52.236Z] Checked if tokens are valid: false, expires at: 1758626314358
[debug] [2025-11-28T09:43:52.236Z] > refreshing access token with scopes: []
[debug] [2025-11-28T09:43:52.237Z] >>> [apiv2][query] POST https://www.googleapis.com/oauth2/v3/token [none]
[debug] [2025-11-28T09:43:52.237Z] >>> [apiv2][body] POST https://www.googleapis.com/oauth2/v3/token [omitted]
[debug] [2025-11-28T09:43:52.240Z] Checked if tokens are valid: false, expires at: 1758626314358
[debug] [2025-11-28T09:43:52.241Z] Checked if tokens are valid: false, expires at: 1758626314358
[debug] [2025-11-28T09:43:52.241Z] > refreshing access token with scopes: []
[debug] [2025-11-28T09:43:52.242Z] >>> [apiv2][query] POST https://www.googleapis.com/oauth2/v3/token [none]
[debug] [2025-11-28T09:43:52.242Z] >>> [apiv2][body] POST https://www.googleapis.com/oauth2/v3/token [omitted]
[debug] [2025-11-28T09:43:52.245Z] > command requires scopes: ["email","openid","https://www.googleapis.com/auth/cloudplatformprojects.readonly","https://www.googleapis.com/auth/firebase","https://www.googleapis.com/auth/cloud-platform","https://www.googleapis.com/auth/userinfo.email"]
[debug] [2025-11-28T09:43:52.246Z] > authorizing via signed-in user (barunpattanaik2@gmail.com)
[debug] [2025-11-28T09:43:52.246Z] Checked if tokens are valid: false, expires at: 1758626314358
[debug] [2025-11-28T09:43:52.247Z] Checked if tokens are valid: false, expires at: 1758626314358
[debug] [2025-11-28T09:43:52.247Z] > refreshing access token with scopes: []
[debug] [2025-11-28T09:43:52.247Z] >>> [apiv2][query] POST https://www.googleapis.com/oauth2/v3/token [none]
[debug] [2025-11-28T09:43:52.247Z] >>> [apiv2][body] POST https://www.googleapis.com/oauth2/v3/token [omitted]
[debug] [2025-11-28T09:43:52.249Z] Checked if tokens are valid: false, expires at: 1758626314358
[debug] [2025-11-28T09:43:52.249Z] Checked if tokens are valid: false, expires at: 1758626314358
[debug] [2025-11-28T09:43:52.249Z] > refreshing access token with scopes: []
[debug] [2025-11-28T09:43:52.250Z] >>> [apiv2][query] POST https://www.googleapis.com/oauth2/v3/token [none]
[debug] [2025-11-28T09:43:52.250Z] >>> [apiv2][body] POST https://www.googleapis.com/oauth2/v3/token [omitted]
[debug] [2025-11-28T09:43:52.252Z] Checked if tokens are valid: false, expires at: 1758626314358
[debug] [2025-11-28T09:43:52.252Z] Checked if tokens are valid: false, expires at: 1758626314358
[debug] [2025-11-28T09:43:52.252Z] > refreshing access token with scopes: []
[debug] [2025-11-28T09:43:52.253Z] >>> [apiv2][query] POST https://www.googleapis.com/oauth2/v3/token [none]
[debug] [2025-11-28T09:43:52.253Z] >>> [apiv2][body] POST https://www.googleapis.com/oauth2/v3/token [omitted]
[debug] [2025-11-28T09:43:52.258Z] Checked if tokens are valid: false, expires at: 1758626314358
[debug] [2025-11-28T09:43:52.258Z] Checked if tokens are valid: false, expires at: 1758626314358
[debug] [2025-11-28T09:43:52.258Z] > refreshing access token with scopes: []
[debug] [2025-11-28T09:43:52.259Z] >>> [apiv2][query] POST https://www.googleapis.com/oauth2/v3/token [none]
[debug] [2025-11-28T09:43:52.259Z] >>> [apiv2][body] POST https://www.googleapis.com/oauth2/v3/token [omitted]
[debug] [2025-11-28T09:43:52.262Z] Checked if tokens are valid: false, expires at: 1758626314358
[debug] [2025-11-28T09:43:52.262Z] Checked if tokens are valid: false, expires at: 1758626314358
[debug] [2025-11-28T09:43:52.262Z] > refreshing access token with scopes: []
[debug] [2025-11-28T09:43:52.263Z] >>> [apiv2][query] POST https://www.googleapis.com/oauth2/v3/token [none]
[debug] [2025-11-28T09:43:52.263Z] >>> [apiv2][body] POST https://www.googleapis.com/oauth2/v3/token [omitted]
[debug] [2025-11-28T09:43:52.448Z] <<< [apiv2][status] POST https://www.googleapis.com/oauth2/v3/token 200
[debug] [2025-11-28T09:43:52.449Z] <<< [apiv2][body] POST https://www.googleapis.com/oauth2/v3/token [omitted]
[debug] [2025-11-28T09:43:52.486Z] >>> [apiv2][query] GET https://serviceusage.googleapis.com/v1/projects/fra-prototype-a4b93/services/cloudfunctions.googleapis.com [none]
[debug] [2025-11-28T09:43:52.486Z] >>> [apiv2][(partial)header] GET https://serviceusage.googleapis.com/v1/projects/fra-prototype-a4b93/services/cloudfunctions.googleapis.com x-goog-quota-user=projects/fra-prototype-a4b93
[debug] [2025-11-28T09:43:52.489Z] <<< [apiv2][status] POST https://www.googleapis.com/oauth2/v3/token 200
[debug] [2025-11-28T09:43:52.490Z] <<< [apiv2][body] POST https://www.googleapis.com/oauth2/v3/token [omitted]
[debug] [2025-11-28T09:43:52.514Z] >>> [apiv2][query] GET https://serviceusage.googleapis.com/v1/projects/fra-prototype-a4b93/services/firestore.googleapis.com [none]
[debug] [2025-11-28T09:43:52.514Z] >>> [apiv2][(partial)header] GET https://serviceusage.googleapis.com/v1/projects/fra-prototype-a4b93/services/firestore.googleapis.com x-goog-quota-user=projects/fra-prototype-a4b93
[debug] [2025-11-28T09:43:52.656Z] <<< [apiv2][status] POST https://www.googleapis.com/oauth2/v3/token 200
[debug] [2025-11-28T09:43:52.657Z] <<< [apiv2][body] POST https://www.googleapis.com/oauth2/v3/token [omitted]
[debug] [2025-11-28T09:43:52.676Z] >>> [apiv2][query] GET https://serviceusage.googleapis.com/v1/projects/fra-prototype-a4b93/services/firebaseapphosting.googleapis.com [none]
[debug] [2025-11-28T09:43:52.676Z] >>> [apiv2][(partial)header] GET https://serviceusage.googleapis.com/v1/projects/fra-prototype-a4b93/services/firebaseapphosting.googleapis.com x-goog-quota-user=projects/fra-prototype-a4b93
[debug] [2025-11-28T09:43:52.682Z] <<< [apiv2][status] POST https://www.googleapis.com/oauth2/v3/token 200
[debug] [2025-11-28T09:43:52.682Z] <<< [apiv2][body] POST https://www.googleapis.com/oauth2/v3/token [omitted]
[debug] [2025-11-28T09:43:52.698Z] >>> [apiv2][query] GET https://serviceusage.googleapis.com/v1/projects/fra-prototype-a4b93/services/cloudfunctions.googleapis.com [none]
[debug] [2025-11-28T09:43:52.698Z] >>> [apiv2][(partial)header] GET https://serviceusage.googleapis.com/v1/projects/fra-prototype-a4b93/services/cloudfunctions.googleapis.com x-goog-quota-user=projects/fra-prototype-a4b93
[debug] [2025-11-28T09:43:52.704Z] <<< [apiv2][status] POST https://www.googleapis.com/oauth2/v3/token 200
[debug] [2025-11-28T09:43:52.704Z] <<< [apiv2][body] POST https://www.googleapis.com/oauth2/v3/token [omitted]
[debug] [2025-11-28T09:43:52.727Z] >>> [apiv2][query] GET https://serviceusage.googleapis.com/v1/projects/fra-prototype-a4b93/services/firebaseapphosting.googleapis.com [none]
[debug] [2025-11-28T09:43:52.727Z] >>> [apiv2][(partial)header] GET https://serviceusage.googleapis.com/v1/projects/fra-prototype-a4b93/services/firebaseapphosting.googleapis.com x-goog-quota-user=projects/fra-prototype-a4b93
[debug] [2025-11-28T09:43:52.730Z] <<< [apiv2][status] POST https://www.googleapis.com/oauth2/v3/token 200
[debug] [2025-11-28T09:43:52.730Z] <<< [apiv2][body] POST https://www.googleapis.com/oauth2/v3/token [omitted]
[debug] [2025-11-28T09:43:52.743Z] >>> [apiv2][query] GET https://serviceusage.googleapis.com/v1/projects/fra-prototype-a4b93/services/firebasedataconnect.googleapis.com [none]
[debug] [2025-11-28T09:43:52.744Z] >>> [apiv2][(partial)header] GET https://serviceusage.googleapis.com/v1/projects/fra-prototype-a4b93/services/firebasedataconnect.googleapis.com x-goog-quota-user=projects/fra-prototype-a4b93
[debug] [2025-11-28T09:43:52.807Z] <<< [apiv2][status] POST https://www.googleapis.com/oauth2/v3/token 200
[debug] [2025-11-28T09:43:52.808Z] <<< [apiv2][body] POST https://www.googleapis.com/oauth2/v3/token [omitted]
[debug] [2025-11-28T09:43:52.824Z] >>> [apiv2][query] GET https://serviceusage.googleapis.com/v1/projects/fra-prototype-a4b93/services/firebaseio.com [none]
[debug] [2025-11-28T09:43:52.825Z] >>> [apiv2][(partial)header] GET https://serviceusage.googleapis.com/v1/projects/fra-prototype-a4b93/services/firebaseio.com x-goog-quota-user=projects/fra-prototype-a4b93
[debug] [2025-11-28T09:43:52.828Z] <<< [apiv2][status] POST https://www.googleapis.com/oauth2/v3/token 200
[debug] [2025-11-28T09:43:52.828Z] <<< [apiv2][body] POST https://www.googleapis.com/oauth2/v3/token [omitted]
[debug] [2025-11-28T09:43:52.840Z] >>> [apiv2][query] GET https://serviceusage.googleapis.com/v1/projects/fra-prototype-a4b93/services/firebaseio.com [none]
[debug] [2025-11-28T09:43:52.840Z] >>> [apiv2][(partial)header] GET https://serviceusage.googleapis.com/v1/projects/fra-prototype-a4b93/services/firebaseio.com x-goog-quota-user=projects/fra-prototype-a4b93
[debug] [2025-11-28T09:43:52.864Z] <<< [apiv2][status] POST https://www.googleapis.com/oauth2/v3/token 200
[debug] [2025-11-28T09:43:52.864Z] <<< [apiv2][body] POST https://www.googleapis.com/oauth2/v3/token [omitted]
[debug] [2025-11-28T09:43:52.875Z] >>> [apiv2][query] GET https://serviceusage.googleapis.com/v1/projects/fra-prototype-a4b93/services/firebasedataconnect.googleapis.com [none]
[debug] [2025-11-28T09:43:52.875Z] >>> [apiv2][(partial)header] GET https://serviceusage.googleapis.com/v1/projects/fra-prototype-a4b93/services/firebasedataconnect.googleapis.com x-goog-quota-user=projects/fra-prototype-a4b93
[debug] [2025-11-28T09:43:52.896Z] <<< [apiv2][status] POST https://www.googleapis.com/oauth2/v3/token 200
[debug] [2025-11-28T09:43:52.896Z] <<< [apiv2][body] POST https://www.googleapis.com/oauth2/v3/token [omitted]
[debug] [2025-11-28T09:43:52.907Z] >>> [apiv2][query] GET https://serviceusage.googleapis.com/v1/projects/fra-prototype-a4b93/services/firestore.googleapis.com [none]
[debug] [2025-11-28T09:43:52.908Z] >>> [apiv2][(partial)header] GET https://serviceusage.googleapis.com/v1/projects/fra-prototype-a4b93/services/firestore.googleapis.com x-goog-quota-user=projects/fra-prototype-a4b93
[debug] [2025-11-28T09:43:53.690Z] <<< [apiv2][status] GET https://serviceusage.googleapis.com/v1/projects/fra-prototype-a4b93/services/cloudfunctions.googleapis.com 200
[debug] [2025-11-28T09:43:53.690Z] <<< [apiv2][body] GET https://serviceusage.googleapis.com/v1/projects/fra-prototype-a4b93/services/cloudfunctions.googleapis.com [omitted]
[debug] [2025-11-28T09:43:53.711Z] <<< [apiv2][status] GET https://serviceusage.googleapis.com/v1/projects/fra-prototype-a4b93/services/firestore.googleapis.com 200
[debug] [2025-11-28T09:43:53.711Z] <<< [apiv2][body] GET https://serviceusage.googleapis.com/v1/projects/fra-prototype-a4b93/services/firestore.googleapis.com [omitted]
[debug] [2025-11-28T09:43:53.849Z] <<< [apiv2][status] GET https://serviceusage.googleapis.com/v1/projects/fra-prototype-a4b93/services/firebaseapphosting.googleapis.com 200
[debug] [2025-11-28T09:43:53.852Z] <<< [apiv2][body] GET https://serviceusage.googleapis.com/v1/projects/fra-prototype-a4b93/services/firebaseapphosting.googleapis.com [omitted]
[debug] [2025-11-28T09:43:53.855Z] <<< [apiv2][status] GET https://serviceusage.googleapis.com/v1/projects/fra-prototype-a4b93/services/firebaseapphosting.googleapis.com 200
[debug] [2025-11-28T09:43:53.855Z] <<< [apiv2][body] GET https://serviceusage.googleapis.com/v1/projects/fra-prototype-a4b93/services/firebaseapphosting.googleapis.com [omitted]
[debug] [2025-11-28T09:43:53.881Z] <<< [apiv2][status] GET https://serviceusage.googleapis.com/v1/projects/fra-prototype-a4b93/services/cloudfunctions.googleapis.com 200
[debug] [2025-11-28T09:43:53.881Z] <<< [apiv2][body] GET https://serviceusage.googleapis.com/v1/projects/fra-prototype-a4b93/services/cloudfunctions.googleapis.com [omitted]
[debug] [2025-11-28T09:43:53.904Z] <<< [apiv2][status] GET https://serviceusage.googleapis.com/v1/projects/fra-prototype-a4b93/services/firebaseio.com 403
[debug] [2025-11-28T09:43:53.904Z] <<< [apiv2][body] GET https://serviceusage.googleapis.com/v1/projects/fra-prototype-a4b93/services/firebaseio.com [omitted]
[debug] [2025-11-28T09:43:53.930Z] <<< [apiv2][status] GET https://serviceusage.googleapis.com/v1/projects/fra-prototype-a4b93/services/firebasedataconnect.googleapis.com 200
[debug] [2025-11-28T09:43:53.931Z] <<< [apiv2][body] GET https://serviceusage.googleapis.com/v1/projects/fra-prototype-a4b93/services/firebasedataconnect.googleapis.com [omitted]
[debug] [2025-11-28T09:43:53.948Z] <<< [apiv2][status] GET https://serviceusage.googleapis.com/v1/projects/fra-prototype-a4b93/services/firestore.googleapis.com 200
[debug] [2025-11-28T09:43:53.950Z] <<< [apiv2][body] GET https://serviceusage.googleapis.com/v1/projects/fra-prototype-a4b93/services/firestore.googleapis.com [omitted]
[debug] [2025-11-28T09:43:53.961Z] <<< [apiv2][status] GET https://serviceusage.googleapis.com/v1/projects/fra-prototype-a4b93/services/firebaseio.com 403
[debug] [2025-11-28T09:43:53.962Z] <<< [apiv2][body] GET https://serviceusage.googleapis.com/v1/projects/fra-prototype-a4b93/services/firebaseio.com [omitted]
[debug] [2025-11-28T09:43:53.972Z] <<< [apiv2][status] GET https://serviceusage.googleapis.com/v1/projects/fra-prototype-a4b93/services/firebasedataconnect.googleapis.com 200
[debug] [2025-11-28T09:43:53.972Z] <<< [apiv2][body] GET https://serviceusage.googleapis.com/v1/projects/fra-prototype-a4b93/services/firebasedataconnect.googleapis.com [omitted]
[error] Failed to fetch Firebase Project from Studio Workspace because WORKSPACE_SLUG environment variable is empty
[error] Failed to fetch Firebase Project from Studio Workspace because WORKSPACE_SLUG environment variable is empty
[error] Failed to fetch Firebase Project from Studio Workspace because WORKSPACE_SLUG environment variable is empty
[debug] [2025-11-28T09:43:53.983Z] > command requires scopes: ["email","openid","https://www.googleapis.com/auth/cloudplatformprojects.readonly","https://www.googleapis.com/auth/firebase","https://www.googleapis.com/auth/cloud-platform","https://www.googleapis.com/auth/userinfo.email"]
[debug] [2025-11-28T09:43:53.985Z] > authorizing via signed-in user (barunpattanaik2@gmail.com)
[error] Failed to fetch Firebase Project from Studio Workspace because WORKSPACE_SLUG environment variable is empty
[debug] [2025-11-28T09:43:53.988Z] > command requires scopes: ["email","openid","https://www.googleapis.com/auth/cloudplatformprojects.readonly","https://www.googleapis.com/auth/firebase","https://www.googleapis.com/auth/cloud-platform","https://www.googleapis.com/auth/userinfo.email"]
[debug] [2025-11-28T09:43:53.988Z] > authorizing via signed-in user (barunpattanaik2@gmail.com)
[error] Failed to fetch Firebase Project from Studio Workspace because WORKSPACE_SLUG environment variable is empty
[error] Failed to fetch Firebase Project from Studio Workspace because WORKSPACE_SLUG environment variable is empty
[error] Failed to fetch Firebase Project from Studio Workspace because WORKSPACE_SLUG environment variable is empty
[debug] [2025-11-28T09:43:54.049Z] > command requires scopes: ["email","openid","https://www.googleapis.com/auth/cloudplatformprojects.readonly","https://www.googleapis.com/auth/firebase","https://www.googleapis.com/auth/cloud-platform","https://www.googleapis.com/auth/userinfo.email"]
[debug] [2025-11-28T09:43:54.049Z] > authorizing via signed-in user (barunpattanaik2@gmail.com)
[error] Failed to fetch Firebase Project from Studio Workspace because WORKSPACE_SLUG environment variable is empty
[debug] [2025-11-28T09:43:54.053Z] > command requires scopes: ["email","openid","https://www.googleapis.com/auth/cloudplatformprojects.readonly","https://www.googleapis.com/auth/firebase","https://www.googleapis.com/auth/cloud-platform","https://www.googleapis.com/auth/userinfo.email"]
[debug] [2025-11-28T09:43:54.053Z] > authorizing via signed-in user (barunpattanaik2@gmail.com)
[error] Failed to fetch Firebase Project from Studio Workspace because WORKSPACE_SLUG environment variable is empty
[error] Failed to fetch Firebase Project from Studio Workspace because WORKSPACE_SLUG environment variable is empty
[error] Failed to fetch Firebase Project from Studio Workspace because WORKSPACE_SLUG environment variable is empty
[debug] [2025-11-28T09:43:54.062Z] > command requires scopes: ["email","openid","https://www.googleapis.com/auth/cloudplatformprojects.readonly","https://www.googleapis.com/auth/firebase","https://www.googleapis.com/auth/cloud-platform","https://www.googleapis.com/auth/userinfo.email"]
[debug] [2025-11-28T09:43:54.062Z] > authorizing via signed-in user (barunpattanaik2@gmail.com)
[error] Failed to fetch Firebase Project from Studio Workspace because WORKSPACE_SLUG environment variable is empty
[debug] [2025-11-28T09:43:54.063Z] > command requires scopes: ["email","openid","https://www.googleapis.com/auth/cloudplatformprojects.readonly","https://www.googleapis.com/auth/firebase","https://www.googleapis.com/auth/cloud-platform","https://www.googleapis.com/auth/userinfo.email"]
[debug] [2025-11-28T09:43:54.063Z] > authorizing via signed-in user (barunpattanaik2@gmail.com)
