Loading schemeController...
schemeController loaded
Loading schemes route...
CRASH: "" is not a function
Stack: TypeError: "" is not a function
    at Object.<anonymous> (C:\Users\Asus\Desktop\Fra-Samanvay\fra-samanvaya-main\backend\src\routes\schemes.js:1:3)
    at Module._compile (node:internal/modules/cjs/loader:1369:14)
    at Module._extensions..js (node:internal/modules/cjs/loader:1427:10)
    at Module.load (node:internal/modules/cjs/loader:1206:32)
    at Module._load (node:internal/modules/cjs/loader:1022:12)
    at Module.require (node:internal/modules/cjs/loader:1231:19)
    at require (node:internal/modules/helpers:179:18)
    at Object.<anonymous> (C:\Users\Asus\Desktop\Fra-Samanvay\fra-samanvaya-main\backend\check_startup.js:10:5)
    at Module._compile (node:internal/modules/cjs/loader:1369:14)
    at Module._extensions..js (node:internal/modules/cjs/loader:1427:10)
Loading schemeController...
schemeController loaded
Loading schemes route...
schemes route loaded
Loading app...
App loaded
